<?xml version="1.0" encoding="UTF-8" ?>
<testsuite tests="1" failures="1" name="Test" time="0.012" errors="0" skipped="0">
  <properties>
[...]
</properties>
  <testcase classname="Test" name="Test.testMonthlyPayment" time="0.012">
    <failure message="Неверный расчет ежемесячного платежа ==&gt; expected: &lt;true&gt; but was: &lt;false&gt;" type="org.opentest4j.AssertionFailedError">org.opentest4j.AssertionFailedError: Неверный расчет ежемесячного платежа ==&gt; expected: &lt;true&gt; but was: &lt;false&gt;
	at org.junit.jupiter.api.AssertionUtils.fail(AssertionUtils.java:38)
	at org.junit.jupiter.api.AssertTrue.assertTrue(AssertTrue.java:40)
	at org.junit.jupiter.api.Assertions.assertTrue(Assertions.java:167)
	at Test.testMonthlyPayment(Test.java:33)
</failure>
  </testcase>
</testsuite>