-------------------------------------------------------------------------------
Test set: Test
-------------------------------------------------------------------------------
Tests run: 1, Failures: 1, Errors: 0, Skipped: 0, Time elapsed: 0.013 sec <<< FAILURE!
Test.testMonthlyPayment()  Time elapsed: 0.012 sec  <<< FAILURE!
org.opentest4j.AssertionFailedError: Неверный расчет ежемесячного платежа ==> expected: <true> but was: <false>
	at org.junit.jupiter.api.AssertionUtils.fail(AssertionUtils.java:38)
	at org.junit.jupiter.api.AssertTrue.assertTrue(AssertTrue.java:40)
	at org.junit.jupiter.api.Assertions.assertTrue(Assertions.java:167)
	at Test.testMonthlyPayment(Test.java:33)

